<?xml version="1.0" encoding="UTF-8"?>
<!-- Generated by org.testng.reporters.JUnitXMLReporter -->
<testsuite ignored="2" hostname="LAPTOP-30D2PLUC" failures="0" tests="3" name="Test" time="0.122" errors="0" timestamp="2022-07-04T22:22:05 IST">
  <testcase classname="TestNG.AnnotationsStudy" name="validateDashbord" time="0.008"/>
  <testcase classname="TestNG.DependsonMethod" name="login" time="0.002"/>
  <testcase classname="TestNG.DependsonMethod" name="logout" time="0.002"/>
  <testcase classname="TestNG.AnnotationsStudy" name="validateUserID" time="0.0">
    <ignored/>
  </testcase> <!-- validateUserID -->
  <testcase classname="TestNG.DependsonMethod" name="verifyPin" time="0.0">
    <ignored/>
  </testcase> <!-- verifyPin -->
</testsuite> <!-- Test -->
